This file contains any messages produced by compilers while
running configure, to aid debugging if configure makes a mistake.

It was created by RaquelTeachingTool configure 0.1.36, which was
generated by GNU Autoconf 2.69.  Invocation command line was

  $ ./configure 

## --------- ##
## Platform. ##
## --------- ##

hostname = david-H81M-HD3
uname -m = x86_64
uname -r = 4.4.0-59-generic
uname -s = Linux
uname -v = #80-Ubuntu SMP Fri Jan 6 17:47:47 UTC 2017

/usr/bin/uname -p = unknown
/bin/uname -X     = unknown

/bin/arch              = unknown
/usr/bin/arch -k       = unknown
/usr/convex/getsysinfo = unknown
/usr/bin/hostinfo      = unknown
/bin/machine           = unknown
/usr/bin/oslevel       = unknown
/bin/universe          = unknown

PATH: /usr/local/sbin
PATH: /usr/local/bin
PATH: /usr/sbin
PATH: /usr/bin
PATH: /sbin
PATH: /bin
PATH: /usr/games
PATH: /usr/local/games
PATH: /snap/bin


## ----------- ##
## Core tests. ##
## ----------- ##

configure:2315: checking for a BSD-compatible install
configure:2383: result: /usr/bin/install -c
configure:2394: checking whether build environment is sane
configure:2449: result: yes
configure:2600: checking for a thread-safe mkdir -p
configure:2639: result: /bin/mkdir -p
configure:2646: checking for gawk
configure:2676: result: no
configure:2646: checking for mawk
configure:2662: found /usr/bin/mawk
configure:2673: result: mawk
configure:2684: checking whether make sets $(MAKE)
configure:2706: result: yes
configure:2735: checking whether make supports nested variables
configure:2752: result: yes
configure:2938: checking for g++
configure:2954: found /usr/bin/g++
configure:2965: result: g++
configure:2992: checking for C++ compiler version
configure:3001: g++ --version >&5
g++ (Ubuntu 5.4.0-6ubuntu1~16.04.4) 5.4.0 20160609
Copyright (C) 2015 Free Software Foundation, Inc.
This is free software; see the source for copying conditions.  There is NO
warranty; not even for MERCHANTABILITY or FITNESS FOR A PARTICULAR PURPOSE.

configure:3012: $? = 0
configure:3001: g++ -v >&5
Using built-in specs.
COLLECT_GCC=g++
COLLECT_LTO_WRAPPER=/usr/lib/gcc/x86_64-linux-gnu/5/lto-wrapper
Target: x86_64-linux-gnu
Configured with: ../src/configure -v --with-pkgversion='Ubuntu 5.4.0-6ubuntu1~16.04.4' --with-bugurl=file:///usr/share/doc/gcc-5/README.Bugs --enable-languages=c,ada,c++,java,go,d,fortran,objc,obj-c++ --prefix=/usr --program-suffix=-5 --enable-shared --enable-linker-build-id --libexecdir=/usr/lib --without-included-gettext --enable-threads=posix --libdir=/usr/lib --enable-nls --with-sysroot=/ --enable-clocale=gnu --enable-libstdcxx-debug --enable-libstdcxx-time=yes --with-default-libstdcxx-abi=new --enable-gnu-unique-object --disable-vtable-verify --enable-libmpx --enable-plugin --with-system-zlib --disable-browser-plugin --enable-java-awt=gtk --enable-gtk-cairo --with-java-home=/usr/lib/jvm/java-1.5.0-gcj-5-amd64/jre --enable-java-home --with-jvm-root-dir=/usr/lib/jvm/java-1.5.0-gcj-5-amd64 --with-jvm-jar-dir=/usr/lib/jvm-exports/java-1.5.0-gcj-5-amd64 --with-arch-directory=amd64 --with-ecj-jar=/usr/share/java/eclipse-ecj.jar --enable-objc-gc --enable-multiarch --disable-werror --with-arch-32=i686 --with-abi=m64 --with-multilib-list=m32,m64,mx32 --enable-multilib --with-tune=generic --enable-checking=release --build=x86_64-linux-gnu --host=x86_64-linux-gnu --target=x86_64-linux-gnu
Thread model: posix
gcc version 5.4.0 20160609 (Ubuntu 5.4.0-6ubuntu1~16.04.4) 
configure:3012: $? = 0
configure:3001: g++ -V >&5
g++: error: unrecognized command line option '-V'
g++: fatal error: no input files
compilation terminated.
configure:3012: $? = 1
configure:3001: g++ -qversion >&5
g++: error: unrecognized command line option '-qversion'
g++: fatal error: no input files
compilation terminated.
configure:3012: $? = 1
configure:3032: checking whether the C++ compiler works
configure:3054: g++    conftest.cpp  >&5
configure:3058: $? = 0
configure:3106: result: yes
configure:3109: checking for C++ compiler default output file name
configure:3111: result: a.out
configure:3117: checking for suffix of executables
configure:3124: g++ -o conftest    conftest.cpp  >&5
configure:3128: $? = 0
configure:3150: result: 
configure:3172: checking whether we are cross compiling
configure:3180: g++ -o conftest    conftest.cpp  >&5
configure:3184: $? = 0
configure:3191: ./conftest
configure:3195: $? = 0
configure:3210: result: no
configure:3215: checking for suffix of object files
configure:3237: g++ -c   conftest.cpp >&5
configure:3241: $? = 0
configure:3262: result: o
configure:3266: checking whether we are using the GNU C++ compiler
configure:3285: g++ -c   conftest.cpp >&5
configure:3285: $? = 0
configure:3294: result: yes
configure:3303: checking whether g++ accepts -g
configure:3323: g++ -c -g  conftest.cpp >&5
configure:3323: $? = 0
configure:3364: result: yes
configure:3398: checking for style of include used by make
configure:3426: result: GNU
configure:3452: checking dependency style of g++
configure:3563: result: gcc3
configure:3626: checking for gcc
configure:3642: found /usr/bin/gcc
configure:3653: result: gcc
configure:3882: checking for C compiler version
configure:3891: gcc --version >&5
gcc (Ubuntu 5.4.0-6ubuntu1~16.04.4) 5.4.0 20160609
Copyright (C) 2015 Free Software Foundation, Inc.
This is free software; see the source for copying conditions.  There is NO
warranty; not even for MERCHANTABILITY or FITNESS FOR A PARTICULAR PURPOSE.

configure:3902: $? = 0
configure:3891: gcc -v >&5
Using built-in specs.
COLLECT_GCC=gcc
COLLECT_LTO_WRAPPER=/usr/lib/gcc/x86_64-linux-gnu/5/lto-wrapper
Target: x86_64-linux-gnu
Configured with: ../src/configure -v --with-pkgversion='Ubuntu 5.4.0-6ubuntu1~16.04.4' --with-bugurl=file:///usr/share/doc/gcc-5/README.Bugs --enable-languages=c,ada,c++,java,go,d,fortran,objc,obj-c++ --prefix=/usr --program-suffix=-5 --enable-shared --enable-linker-build-id --libexecdir=/usr/lib --without-included-gettext --enable-threads=posix --libdir=/usr/lib --enable-nls --with-sysroot=/ --enable-clocale=gnu --enable-libstdcxx-debug --enable-libstdcxx-time=yes --with-default-libstdcxx-abi=new --enable-gnu-unique-object --disable-vtable-verify --enable-libmpx --enable-plugin --with-system-zlib --disable-browser-plugin --enable-java-awt=gtk --enable-gtk-cairo --with-java-home=/usr/lib/jvm/java-1.5.0-gcj-5-amd64/jre --enable-java-home --with-jvm-root-dir=/usr/lib/jvm/java-1.5.0-gcj-5-amd64 --with-jvm-jar-dir=/usr/lib/jvm-exports/java-1.5.0-gcj-5-amd64 --with-arch-directory=amd64 --with-ecj-jar=/usr/share/java/eclipse-ecj.jar --enable-objc-gc --enable-multiarch --disable-werror --with-arch-32=i686 --with-abi=m64 --with-multilib-list=m32,m64,mx32 --enable-multilib --with-tune=generic --enable-checking=release --build=x86_64-linux-gnu --host=x86_64-linux-gnu --target=x86_64-linux-gnu
Thread model: posix
gcc version 5.4.0 20160609 (Ubuntu 5.4.0-6ubuntu1~16.04.4) 
configure:3902: $? = 0
configure:3891: gcc -V >&5
gcc: error: unrecognized command line option '-V'
gcc: fatal error: no input files
compilation terminated.
configure:3902: $? = 1
configure:3891: gcc -qversion >&5
gcc: error: unrecognized command line option '-qversion'
gcc: fatal error: no input files
compilation terminated.
configure:3902: $? = 1
configure:3906: checking whether we are using the GNU C compiler
configure:3925: gcc -c   conftest.c >&5
configure:3925: $? = 0
configure:3934: result: yes
configure:3943: checking whether gcc accepts -g
configure:3963: gcc -c -g  conftest.c >&5
configure:3963: $? = 0
configure:4004: result: yes
configure:4021: checking for gcc option to accept ISO C89
configure:4084: gcc  -c -g -O2  conftest.c >&5
configure:4084: $? = 0
configure:4097: result: none needed
configure:4122: checking whether gcc understands -c and -o together
configure:4144: gcc -c conftest.c -o conftest2.o
configure:4147: $? = 0
configure:4144: gcc -c conftest.c -o conftest2.o
configure:4147: $? = 0
configure:4159: result: yes
configure:4178: checking dependency style of gcc
configure:4289: result: gcc3
configure:4308: checking for main in -ltcl
configure:4327: gcc -o conftest -g -O2   conftest.c -ltcl   >&5
configure:4327: $? = 0
configure:4336: result: yes
configure:4348: checking for main in -ltk
configure:4367: gcc -o conftest -g -O2   conftest.c -ltk  -ltcl  >&5
configure:4367: $? = 0
configure:4376: result: yes
configure:4397: checking how to run the C preprocessor
configure:4428: gcc -E  conftest.c
configure:4428: $? = 0
configure:4442: gcc -E  conftest.c
conftest.c:13:28: fatal error: ac_nonexistent.h: No such file or directory
compilation terminated.
configure:4442: $? = 1
configure: failed program was:
| /* confdefs.h */
| #define PACKAGE_NAME "RaquelTeachingTool"
| #define PACKAGE_TARNAME "raquelteachingtool"
| #define PACKAGE_VERSION "0.1.36"
| #define PACKAGE_STRING "RaquelTeachingTool 0.1.36"
| #define PACKAGE_BUGREPORT ""
| #define PACKAGE_URL ""
| #define PACKAGE "raquelteachingtool"
| #define VERSION "0.1.36"
| #define HAVE_LIBTCL 1
| #define HAVE_LIBTK 1
| /* end confdefs.h.  */
| #include <ac_nonexistent.h>
configure:4467: result: gcc -E
configure:4487: gcc -E  conftest.c
configure:4487: $? = 0
configure:4501: gcc -E  conftest.c
conftest.c:13:28: fatal error: ac_nonexistent.h: No such file or directory
compilation terminated.
configure:4501: $? = 1
configure: failed program was:
| /* confdefs.h */
| #define PACKAGE_NAME "RaquelTeachingTool"
| #define PACKAGE_TARNAME "raquelteachingtool"
| #define PACKAGE_VERSION "0.1.36"
| #define PACKAGE_STRING "RaquelTeachingTool 0.1.36"
| #define PACKAGE_BUGREPORT ""
| #define PACKAGE_URL ""
| #define PACKAGE "raquelteachingtool"
| #define VERSION "0.1.36"
| #define HAVE_LIBTCL 1
| #define HAVE_LIBTK 1
| /* end confdefs.h.  */
| #include <ac_nonexistent.h>
configure:4530: checking for X
configure:4638: gcc -E  conftest.c
configure:4638: $? = 0
configure:4669: gcc -o conftest -g -O2   conftest.c -lX11 -ltk -ltcl  >&5
configure:4669: $? = 0
configure:4719: result: libraries , headers 
configure:4723: checking for grep that handles long lines and -e
configure:4781: result: /bin/grep
configure:4786: checking for egrep
configure:4848: result: /bin/grep -E
configure:4853: checking for ANSI C header files
configure:4873: gcc -c -g -O2  conftest.c >&5
configure:4873: $? = 0
configure:4946: gcc -o conftest -g -O2   conftest.c -ltk -ltcl  >&5
configure:4946: $? = 0
configure:4946: ./conftest
configure:4946: $? = 0
configure:4957: result: yes
configure:4970: checking for sys/types.h
configure:4970: gcc -c -g -O2  conftest.c >&5
configure:4970: $? = 0
configure:4970: result: yes
configure:4970: checking for sys/stat.h
configure:4970: gcc -c -g -O2  conftest.c >&5
configure:4970: $? = 0
configure:4970: result: yes
configure:4970: checking for stdlib.h
configure:4970: gcc -c -g -O2  conftest.c >&5
configure:4970: $? = 0
configure:4970: result: yes
configure:4970: checking for string.h
configure:4970: gcc -c -g -O2  conftest.c >&5
configure:4970: $? = 0
configure:4970: result: yes
configure:4970: checking for memory.h
configure:4970: gcc -c -g -O2  conftest.c >&5
configure:4970: $? = 0
configure:4970: result: yes
configure:4970: checking for strings.h
configure:4970: gcc -c -g -O2  conftest.c >&5
configure:4970: $? = 0
configure:4970: result: yes
configure:4970: checking for inttypes.h
configure:4970: gcc -c -g -O2  conftest.c >&5
configure:4970: $? = 0
configure:4970: result: yes
configure:4970: checking for stdint.h
configure:4970: gcc -c -g -O2  conftest.c >&5
configure:4970: $? = 0
configure:4970: result: yes
configure:4970: checking for unistd.h
configure:4970: gcc -c -g -O2  conftest.c >&5
configure:4970: $? = 0
configure:4970: result: yes
configure:4985: checking fcntl.h usability
configure:4985: gcc -c -g -O2  conftest.c >&5
configure:4985: $? = 0
configure:4985: result: yes
configure:4985: checking fcntl.h presence
configure:4985: gcc -E  conftest.c
configure:4985: $? = 0
configure:4985: result: yes
configure:4985: checking for fcntl.h
configure:4985: result: yes
configure:4985: checking limits.h usability
configure:4985: gcc -c -g -O2  conftest.c >&5
configure:4985: $? = 0
configure:4985: result: yes
configure:4985: checking limits.h presence
configure:4985: gcc -E  conftest.c
configure:4985: $? = 0
configure:4985: result: yes
configure:4985: checking for limits.h
configure:4985: result: yes
configure:4985: checking stddef.h usability
configure:4985: gcc -c -g -O2  conftest.c >&5
configure:4985: $? = 0
configure:4985: result: yes
configure:4985: checking stddef.h presence
configure:4985: gcc -E  conftest.c
configure:4985: $? = 0
configure:4985: result: yes
configure:4985: checking for stddef.h
configure:4985: result: yes
configure:4985: checking for stdlib.h
configure:4985: result: yes
configure:4985: checking for string.h
configure:4985: result: yes
configure:4985: checking for unistd.h
configure:4985: result: yes
configure:4997: checking for stdbool.h that conforms to C99
configure:5064: gcc -c -g -O2  conftest.c >&5
configure:5064: $? = 0
configure:5071: result: yes
configure:5073: checking for _Bool
configure:5073: gcc -c -g -O2  conftest.c >&5
configure:5073: $? = 0
configure:5073: gcc -c -g -O2  conftest.c >&5
conftest.c: In function 'main':
conftest.c:65:20: error: expected expression before ')' token
 if (sizeof ((_Bool)))
                    ^
configure:5073: $? = 1
configure: failed program was:
| /* confdefs.h */
| #define PACKAGE_NAME "RaquelTeachingTool"
| #define PACKAGE_TARNAME "raquelteachingtool"
| #define PACKAGE_VERSION "0.1.36"
| #define PACKAGE_STRING "RaquelTeachingTool 0.1.36"
| #define PACKAGE_BUGREPORT ""
| #define PACKAGE_URL ""
| #define PACKAGE "raquelteachingtool"
| #define VERSION "0.1.36"
| #define HAVE_LIBTCL 1
| #define HAVE_LIBTK 1
| #define STDC_HEADERS 1
| #define HAVE_SYS_TYPES_H 1
| #define HAVE_SYS_STAT_H 1
| #define HAVE_STDLIB_H 1
| #define HAVE_STRING_H 1
| #define HAVE_MEMORY_H 1
| #define HAVE_STRINGS_H 1
| #define HAVE_INTTYPES_H 1
| #define HAVE_STDINT_H 1
| #define HAVE_UNISTD_H 1
| #define HAVE_FCNTL_H 1
| #define HAVE_LIMITS_H 1
| #define HAVE_STDDEF_H 1
| #define HAVE_STDLIB_H 1
| #define HAVE_STRING_H 1
| #define HAVE_UNISTD_H 1
| /* end confdefs.h.  */
| #include <stdio.h>
| #ifdef HAVE_SYS_TYPES_H
| # include <sys/types.h>
| #endif
| #ifdef HAVE_SYS_STAT_H
| # include <sys/stat.h>
| #endif
| #ifdef STDC_HEADERS
| # include <stdlib.h>
| # include <stddef.h>
| #else
| # ifdef HAVE_STDLIB_H
| #  include <stdlib.h>
| # endif
| #endif
| #ifdef HAVE_STRING_H
| # if !defined STDC_HEADERS && defined HAVE_MEMORY_H
| #  include <memory.h>
| # endif
| # include <string.h>
| #endif
| #ifdef HAVE_STRINGS_H
| # include <strings.h>
| #endif
| #ifdef HAVE_INTTYPES_H
| # include <inttypes.h>
| #endif
| #ifdef HAVE_STDINT_H
| # include <stdint.h>
| #endif
| #ifdef HAVE_UNISTD_H
| # include <unistd.h>
| #endif
| int
| main ()
| {
| if (sizeof ((_Bool)))
| 	    return 0;
|   ;
|   return 0;
| }
configure:5073: result: yes
configure:5084: checking for inline
configure:5100: gcc -c -g -O2  conftest.c >&5
configure:5100: $? = 0
configure:5108: result: inline
configure:5126: checking for size_t
configure:5126: gcc -c -g -O2  conftest.c >&5
configure:5126: $? = 0
configure:5126: gcc -c -g -O2  conftest.c >&5
conftest.c: In function 'main':
conftest.c:66:21: error: expected expression before ')' token
 if (sizeof ((size_t)))
                     ^
configure:5126: $? = 1
configure: failed program was:
| /* confdefs.h */
| #define PACKAGE_NAME "RaquelTeachingTool"
| #define PACKAGE_TARNAME "raquelteachingtool"
| #define PACKAGE_VERSION "0.1.36"
| #define PACKAGE_STRING "RaquelTeachingTool 0.1.36"
| #define PACKAGE_BUGREPORT ""
| #define PACKAGE_URL ""
| #define PACKAGE "raquelteachingtool"
| #define VERSION "0.1.36"
| #define HAVE_LIBTCL 1
| #define HAVE_LIBTK 1
| #define STDC_HEADERS 1
| #define HAVE_SYS_TYPES_H 1
| #define HAVE_SYS_STAT_H 1
| #define HAVE_STDLIB_H 1
| #define HAVE_STRING_H 1
| #define HAVE_MEMORY_H 1
| #define HAVE_STRINGS_H 1
| #define HAVE_INTTYPES_H 1
| #define HAVE_STDINT_H 1
| #define HAVE_UNISTD_H 1
| #define HAVE_FCNTL_H 1
| #define HAVE_LIMITS_H 1
| #define HAVE_STDDEF_H 1
| #define HAVE_STDLIB_H 1
| #define HAVE_STRING_H 1
| #define HAVE_UNISTD_H 1
| #define HAVE__BOOL 1
| /* end confdefs.h.  */
| #include <stdio.h>
| #ifdef HAVE_SYS_TYPES_H
| # include <sys/types.h>
| #endif
| #ifdef HAVE_SYS_STAT_H
| # include <sys/stat.h>
| #endif
| #ifdef STDC_HEADERS
| # include <stdlib.h>
| # include <stddef.h>
| #else
| # ifdef HAVE_STDLIB_H
| #  include <stdlib.h>
| # endif
| #endif
| #ifdef HAVE_STRING_H
| # if !defined STDC_HEADERS && defined HAVE_MEMORY_H
| #  include <memory.h>
| # endif
| # include <string.h>
| #endif
| #ifdef HAVE_STRINGS_H
| # include <strings.h>
| #endif
| #ifdef HAVE_INTTYPES_H
| # include <inttypes.h>
| #endif
| #ifdef HAVE_STDINT_H
| # include <stdint.h>
| #endif
| #ifdef HAVE_UNISTD_H
| # include <unistd.h>
| #endif
| int
| main ()
| {
| if (sizeof ((size_t)))
| 	    return 0;
|   ;
|   return 0;
| }
configure:5126: result: yes
configure:5142: checking for strcasecmp
configure:5142: gcc -o conftest -g -O2   conftest.c -ltk -ltcl  >&5
conftest.c:53:6: warning: conflicting types for built-in function 'strcasecmp'
 char strcasecmp ();
      ^
configure:5142: $? = 0
configure:5142: result: yes
configure:5142: checking for strncasecmp
configure:5142: gcc -o conftest -g -O2   conftest.c -ltk -ltcl  >&5
conftest.c:54:6: warning: conflicting types for built-in function 'strncasecmp'
 char strncasecmp ();
      ^
configure:5142: $? = 0
configure:5142: result: yes
configure:5142: checking for strtol
configure:5142: gcc -o conftest -g -O2   conftest.c -ltk -ltcl  >&5
configure:5142: $? = 0
configure:5142: result: yes
configure:5264: checking that generated files are newer than configure
configure:5270: result: done
configure:5297: creating ./config.status

## ---------------------- ##
## Running config.status. ##
## ---------------------- ##

This file was extended by RaquelTeachingTool config.status 0.1.36, which was
generated by GNU Autoconf 2.69.  Invocation command line was

  CONFIG_FILES    = 
  CONFIG_HEADERS  = 
  CONFIG_LINKS    = 
  CONFIG_COMMANDS = 
  $ ./config.status 

on david-H81M-HD3

config.status:872: creating Makefile
config.status:872: creating config.h
config.status:1101: executing depfiles commands

## ---------------- ##
## Cache variables. ##
## ---------------- ##

ac_cv_c_compiler_gnu=yes
ac_cv_c_inline=inline
ac_cv_cxx_compiler_gnu=yes
ac_cv_env_CCC_set=
ac_cv_env_CCC_value=
ac_cv_env_CC_set=
ac_cv_env_CC_value=
ac_cv_env_CFLAGS_set=
ac_cv_env_CFLAGS_value=
ac_cv_env_CPPFLAGS_set=
ac_cv_env_CPPFLAGS_value=
ac_cv_env_CPP_set=
ac_cv_env_CPP_value=
ac_cv_env_CXXFLAGS_set=
ac_cv_env_CXXFLAGS_value=
ac_cv_env_CXX_set=
ac_cv_env_CXX_value=
ac_cv_env_LDFLAGS_set=
ac_cv_env_LDFLAGS_value=
ac_cv_env_LIBS_set=
ac_cv_env_LIBS_value=
ac_cv_env_XMKMF_set=
ac_cv_env_XMKMF_value=
ac_cv_env_build_alias_set=
ac_cv_env_build_alias_value=
ac_cv_env_host_alias_set=
ac_cv_env_host_alias_value=
ac_cv_env_target_alias_set=
ac_cv_env_target_alias_value=
ac_cv_func_strcasecmp=yes
ac_cv_func_strncasecmp=yes
ac_cv_func_strtol=yes
ac_cv_have_x='have_x=yes	ac_x_includes='\'''\''	ac_x_libraries='\'''\'''
ac_cv_header_fcntl_h=yes
ac_cv_header_inttypes_h=yes
ac_cv_header_limits_h=yes
ac_cv_header_memory_h=yes
ac_cv_header_stdbool_h=yes
ac_cv_header_stdc=yes
ac_cv_header_stddef_h=yes
ac_cv_header_stdint_h=yes
ac_cv_header_stdlib_h=yes
ac_cv_header_string_h=yes
ac_cv_header_strings_h=yes
ac_cv_header_sys_stat_h=yes
ac_cv_header_sys_types_h=yes
ac_cv_header_unistd_h=yes
ac_cv_lib_tcl_main=yes
ac_cv_lib_tk_main=yes
ac_cv_objext=o
ac_cv_path_EGREP='/bin/grep -E'
ac_cv_path_GREP=/bin/grep
ac_cv_path_install='/usr/bin/install -c'
ac_cv_path_mkdir=/bin/mkdir
ac_cv_prog_AWK=mawk
ac_cv_prog_CPP='gcc -E'
ac_cv_prog_ac_ct_CC=gcc
ac_cv_prog_ac_ct_CXX=g++
ac_cv_prog_cc_c89=
ac_cv_prog_cc_g=yes
ac_cv_prog_cxx_g=yes
ac_cv_prog_make_make_set=yes
ac_cv_type__Bool=yes
ac_cv_type_size_t=yes
am_cv_CC_dependencies_compiler_type=gcc3
am_cv_CXX_dependencies_compiler_type=gcc3
am_cv_make_support_nested_variables=yes
am_cv_prog_cc_c_o=yes

## ----------------- ##
## Output variables. ##
## ----------------- ##

ACLOCAL='${SHELL} /home/david/test/installTeachingTool/RaquelTeachingTool/missing aclocal-1.15'
AMDEPBACKSLASH='\'
AMDEP_FALSE='#'
AMDEP_TRUE=''
AMTAR='$${TAR-tar}'
AM_BACKSLASH='\'
AM_DEFAULT_V='$(AM_DEFAULT_VERBOSITY)'
AM_DEFAULT_VERBOSITY='1'
AM_V='$(V)'
AUTOCONF='${SHELL} /home/david/test/installTeachingTool/RaquelTeachingTool/missing autoconf'
AUTOHEADER='${SHELL} /home/david/test/installTeachingTool/RaquelTeachingTool/missing autoheader'
AUTOMAKE='${SHELL} /home/david/test/installTeachingTool/RaquelTeachingTool/missing automake-1.15'
AWK='mawk'
CC='gcc'
CCDEPMODE='depmode=gcc3'
CFLAGS='-g -O2'
CPP='gcc -E'
CPPFLAGS=''
CXX='g++'
CXXDEPMODE='depmode=gcc3'
CXXFLAGS='-g -O2'
CYGPATH_W='echo'
DEFS='-DHAVE_CONFIG_H'
DEPDIR='.deps'
ECHO_C=''
ECHO_N='-n'
ECHO_T=''
EGREP='/bin/grep -E'
EXEEXT=''
GREP='/bin/grep'
INSTALL_DATA='${INSTALL} -m 644'
INSTALL_PROGRAM='${INSTALL}'
INSTALL_SCRIPT='${INSTALL}'
INSTALL_STRIP_PROGRAM='$(install_sh) -c -s'
LDFLAGS=''
LIBOBJS=''
LIBS='-ltk -ltcl '
LTLIBOBJS=''
MAKEINFO='${SHELL} /home/david/test/installTeachingTool/RaquelTeachingTool/missing makeinfo'
MKDIR_P='/bin/mkdir -p'
OBJEXT='o'
PACKAGE='raquelteachingtool'
PACKAGE_BUGREPORT=''
PACKAGE_NAME='RaquelTeachingTool'
PACKAGE_STRING='RaquelTeachingTool 0.1.36'
PACKAGE_TARNAME='raquelteachingtool'
PACKAGE_URL=''
PACKAGE_VERSION='0.1.36'
PATH_SEPARATOR=':'
SET_MAKE=''
SHELL='/bin/bash'
STRIP=''
VERSION='0.1.36'
XMKMF=''
ac_ct_CC='gcc'
ac_ct_CXX='g++'
am__EXEEXT_FALSE=''
am__EXEEXT_TRUE='#'
am__fastdepCC_FALSE='#'
am__fastdepCC_TRUE=''
am__fastdepCXX_FALSE='#'
am__fastdepCXX_TRUE=''
am__include='include'
am__isrc=''
am__leading_dot='.'
am__nodep='_no'
am__quote=''
am__tar='$${TAR-tar} chof - "$$tardir"'
am__untar='$${TAR-tar} xf -'
bindir='${exec_prefix}/bin'
build_alias=''
datadir='${datarootdir}'
datarootdir='${prefix}/share'
docdir='${datarootdir}/doc/${PACKAGE_TARNAME}'
dvidir='${docdir}'
exec_prefix='${prefix}'
host_alias=''
htmldir='${docdir}'
includedir='${prefix}/include'
infodir='${datarootdir}/info'
install_sh='${SHELL} /home/david/test/installTeachingTool/RaquelTeachingTool/install-sh'
libdir='${exec_prefix}/lib'
libexecdir='${exec_prefix}/libexec'
localedir='${datarootdir}/locale'
localstatedir='${prefix}/var'
mandir='${datarootdir}/man'
mkdir_p='$(MKDIR_P)'
oldincludedir='/usr/include'
pdfdir='${docdir}'
prefix='/usr/local'
program_transform_name='s,x,x,'
psdir='${docdir}'
runstatedir='${localstatedir}/run'
sbindir='${exec_prefix}/sbin'
sharedstatedir='${prefix}/com'
sysconfdir='${prefix}/etc'
target_alias=''

## ----------- ##
## confdefs.h. ##
## ----------- ##

/* confdefs.h */
#define PACKAGE_NAME "RaquelTeachingTool"
#define PACKAGE_TARNAME "raquelteachingtool"
#define PACKAGE_VERSION "0.1.36"
#define PACKAGE_STRING "RaquelTeachingTool 0.1.36"
#define PACKAGE_BUGREPORT ""
#define PACKAGE_URL ""
#define PACKAGE "raquelteachingtool"
#define VERSION "0.1.36"
#define HAVE_LIBTCL 1
#define HAVE_LIBTK 1
#define STDC_HEADERS 1
#define HAVE_SYS_TYPES_H 1
#define HAVE_SYS_STAT_H 1
#define HAVE_STDLIB_H 1
#define HAVE_STRING_H 1
#define HAVE_MEMORY_H 1
#define HAVE_STRINGS_H 1
#define HAVE_INTTYPES_H 1
#define HAVE_STDINT_H 1
#define HAVE_UNISTD_H 1
#define HAVE_FCNTL_H 1
#define HAVE_LIMITS_H 1
#define HAVE_STDDEF_H 1
#define HAVE_STDLIB_H 1
#define HAVE_STRING_H 1
#define HAVE_UNISTD_H 1
#define HAVE__BOOL 1
#define HAVE_STRCASECMP 1
#define HAVE_STRNCASECMP 1
#define HAVE_STRTOL 1

configure: exit 0
